<?xml version="1.0" encoding="UTF-8"?>
<testng-results ignored="0" total="11" passed="10" failed="1" skipped="0">
  <reporter-output>
  </reporter-output>
  <suite started-at="2025-05-19T20:00:45 EET" name="Default suite" finished-at="2025-05-19T20:01:51 EET" duration-ms="66038">
    <groups>
    </groups>
    <test started-at="2025-05-19T20:00:45 EET" name="Default test" finished-at="2025-05-19T20:01:51 EET" duration-ms="66038">
      <class name="AutomationFinalProject.AutomationFinalProject.AppTest">
        <test-method is-config="true" signature="MySetup()[pri:0, instance:AutomationFinalProject.AutomationFinalProject.AppTest@37052337]" started-at="2025-05-19T20:00:45 EET" name="MySetup" finished-at="2025-05-19T20:00:50 EET" duration-ms="4264" status="PASS">
          <reporter-output>
          </reporter-output>
        </test-method> <!-- MySetup -->
        <test-method signature="TestHomePageLanguage()[pri:1, instance:AutomationFinalProject.AutomationFinalProject.AppTest@37052337]" started-at="2025-05-19T20:00:50 EET" name="TestHomePageLanguage" finished-at="2025-05-19T20:00:50 EET" duration-ms="70" status="FAIL">
          <exception class="java.lang.AssertionError">
            <message>
              <![CDATA[expected [en] but found [ar]]]>
            </message>
            <full-stacktrace>
              <![CDATA[java.lang.AssertionError: expected [en] but found [ar]
at org.testng.Assert.fail(Assert.java:111)
at org.testng.Assert.failNotEquals(Assert.java:1590)
at org.testng.Assert.assertEqualsImpl(Assert.java:150)
at org.testng.Assert.assertEquals(Assert.java:132)
at org.testng.Assert.assertEquals(Assert.java:656)
at org.testng.Assert.assertEquals(Assert.java:666)
at AutomationFinalProject.AutomationFinalProject.TestData.CheckWebsiteLanguage(TestData.java:42)
at AutomationFinalProject.AutomationFinalProject.AppTest.TestHomePageLanguage(AppTest.java:24)
at java.base/jdk.internal.reflect.DirectMethodHandleAccessor.invoke(DirectMethodHandleAccessor.java:103)
at java.base/java.lang.reflect.Method.invoke(Method.java:580)
at org.testng.internal.invokers.MethodInvocationHelper.invokeMethod(MethodInvocationHelper.java:141)
at org.testng.internal.invokers.TestInvoker.invokeMethod(TestInvoker.java:687)
at org.testng.internal.invokers.TestInvoker.invokeTestMethod(TestInvoker.java:230)
at org.testng.internal.invokers.MethodRunner.runInSequence(MethodRunner.java:63)
at org.testng.internal.invokers.TestInvoker$MethodInvocationAgent.invoke(TestInvoker.java:995)
at org.testng.internal.invokers.TestInvoker.invokeTestMethods(TestInvoker.java:203)
at org.testng.internal.invokers.TestMethodWorker.invokeTestMethods(TestMethodWorker.java:154)
at org.testng.internal.invokers.TestMethodWorker.run(TestMethodWorker.java:134)
at java.base/java.util.ArrayList.forEach(ArrayList.java:1596)
at org.testng.TestRunner.privateRun(TestRunner.java:741)
at org.testng.TestRunner.run(TestRunner.java:616)
at org.testng.SuiteRunner.runTest(SuiteRunner.java:421)
at org.testng.SuiteRunner.runSequentially(SuiteRunner.java:413)
at org.testng.SuiteRunner.privateRun(SuiteRunner.java:373)
at org.testng.SuiteRunner.run(SuiteRunner.java:312)
at org.testng.SuiteRunnerWorker.runSuite(SuiteRunnerWorker.java:52)
at org.testng.SuiteRunnerWorker.run(SuiteRunnerWorker.java:95)
at org.testng.TestNG.runSuitesSequentially(TestNG.java:1274)
at org.testng.TestNG.runSuitesLocally(TestNG.java:1208)
at org.testng.TestNG.runSuites(TestNG.java:1112)
at org.testng.TestNG.run(TestNG.java:1079)
at org.testng.remote.AbstractRemoteTestNG.run(AbstractRemoteTestNG.java:115)
at org.testng.remote.RemoteTestNG.initAndRun(RemoteTestNG.java:293)
at org.testng.remote.RemoteTestNG.main(RemoteTestNG.java:91)
]]>
            </full-stacktrace>
          </exception> <!-- java.lang.AssertionError -->
          <reporter-output>
          </reporter-output>
        </test-method> <!-- TestHomePageLanguage -->
        <test-method signature="CheckCurrency()[pri:2, instance:AutomationFinalProject.AutomationFinalProject.AppTest@37052337]" started-at="2025-05-19T20:00:50 EET" name="CheckCurrency" finished-at="2025-05-19T20:00:50 EET" duration-ms="66" status="PASS">
          <reporter-output>
          </reporter-output>
        </test-method> <!-- CheckCurrency -->
        <test-method signature="CheckContactNumber()[pri:3, instance:AutomationFinalProject.AutomationFinalProject.AppTest@37052337]" started-at="2025-05-19T20:00:50 EET" name="CheckContactNumber" finished-at="2025-05-19T20:00:50 EET" duration-ms="104" status="PASS">
          <reporter-output>
          </reporter-output>
        </test-method> <!-- CheckContactNumber -->
        <test-method signature="CheckQitafLogo()[pri:4, instance:AutomationFinalProject.AutomationFinalProject.AppTest@37052337]" started-at="2025-05-19T20:00:50 EET" name="CheckQitafLogo" finished-at="2025-05-19T20:00:52 EET" duration-ms="1589" status="PASS">
          <reporter-output>
          </reporter-output>
        </test-method> <!-- CheckQitafLogo -->
        <test-method signature="HotelTabIsNotSelected1()[pri:5, instance:AutomationFinalProject.AutomationFinalProject.AppTest@37052337]" started-at="2025-05-19T20:00:52 EET" name="HotelTabIsNotSelected1" finished-at="2025-05-19T20:00:54 EET" duration-ms="2029" status="PASS">
          <reporter-output>
          </reporter-output>
        </test-method> <!-- HotelTabIsNotSelected1 -->
        <test-method signature="HotelTabIsNotSelected()[pri:6, instance:AutomationFinalProject.AutomationFinalProject.AppTest@37052337]" started-at="2025-05-19T20:00:54 EET" name="HotelTabIsNotSelected" finished-at="2025-05-19T20:00:54 EET" duration-ms="53" status="PASS">
          <reporter-output>
          </reporter-output>
        </test-method> <!-- HotelTabIsNotSelected -->
        <test-method signature="DepartureDateCheck()[pri:7, instance:AutomationFinalProject.AutomationFinalProject.AppTest@37052337]" started-at="2025-05-19T20:00:54 EET" name="DepartureDateCheck" finished-at="2025-05-19T20:00:54 EET" duration-ms="70" status="PASS">
          <reporter-output>
          </reporter-output>
        </test-method> <!-- DepartureDateCheck -->
        <test-method signature="ReturnDateCheck()[pri:8, instance:AutomationFinalProject.AutomationFinalProject.AppTest@37052337]" started-at="2025-05-19T20:00:54 EET" name="ReturnDateCheck" finished-at="2025-05-19T20:00:54 EET" duration-ms="62" status="PASS">
          <reporter-output>
          </reporter-output>
        </test-method> <!-- ReturnDateCheck -->
        <test-method signature="ChangeWebsiteLanguage()[pri:9, instance:AutomationFinalProject.AutomationFinalProject.AppTest@37052337]" started-at="2025-05-19T20:00:54 EET" name="ChangeWebsiteLanguage" finished-at="2025-05-19T20:00:58 EET" duration-ms="4007" status="PASS">
          <reporter-output>
          </reporter-output>
        </test-method> <!-- ChangeWebsiteLanguage -->
        <test-method signature="RandomSelectCity()[pri:10, instance:AutomationFinalProject.AutomationFinalProject.AppTest@37052337]" started-at="2025-05-19T20:00:58 EET" name="RandomSelectCity" finished-at="2025-05-19T20:01:31 EET" duration-ms="33414" status="PASS">
          <reporter-output>
          </reporter-output>
        </test-method> <!-- RandomSelectCity -->
        <test-method signature="WaitLoadingBar()[pri:11, instance:AutomationFinalProject.AutomationFinalProject.AppTest@37052337]" started-at="2025-05-19T20:01:31 EET" name="WaitLoadingBar" finished-at="2025-05-19T20:01:51 EET" duration-ms="20161" status="PASS">
          <reporter-output>
          </reporter-output>
        </test-method> <!-- WaitLoadingBar -->
        <test-method is-config="true" signature="MyAfterTest()[pri:0, instance:AutomationFinalProject.AutomationFinalProject.AppTest@37052337]" started-at="2025-05-19T20:01:51 EET" name="MyAfterTest" finished-at="2025-05-19T20:01:51 EET" duration-ms="1" status="PASS">
          <reporter-output>
          </reporter-output>
        </test-method> <!-- MyAfterTest -->
      </class> <!-- AutomationFinalProject.AutomationFinalProject.AppTest -->
    </test> <!-- Default test -->
  </suite> <!-- Default suite -->
</testng-results>
